<?xml version="1.0" encoding="UTF-8"?>
<!-- Generated by org.testng.reporters.JUnitXMLReporter -->
<testsuite hostname="DESKTOP-TM69N9T" name="DataDriven testing" tests="2" failures="0" timestamp="17 Feb 2018 01:04:39 GMT" time="54.798" errors="0">
  <testcase name="Register" time="11.541" classname="com.DataDriven.NewUserRegistration_ExcelTestData"/>
  <testcase name="NewUserRegistration" time="17.32" classname="com.DataDriven.NewUserRegistration_ExcelTestData"/>
</testsuite> <!-- DataDriven testing -->
